0 silly argv {
0 silly argv   _: [ 'run' ],
0 silly argv   parallel: true,
0 silly argv   lernaVersion: '3.22.1',
0 silly argv   '$0': 'node_modules/.bin/lerna',
0 silly argv   script: 'dev'
0 silly argv }
1 notice cli v3.22.1
2 verbose rootPath /home/exxxist/projects/reaql-backend
3 info Executing command in 5 packages: "npm run dev"
4 silly npmRunScript.stream [ 'dev', [], 'reaql-backend-api' ]
5 silly getExecOpts /home/exxxist/projects/reaql-backend/packages/api undefined
6 silly npmRunScript.stream [ 'dev', [], 'auth-service' ]
7 silly getExecOpts /home/exxxist/projects/reaql-backend/packages/auth-service undefined
8 silly npmRunScript.stream [ 'dev', [], 'dialogs-service' ]
9 silly getExecOpts /home/exxxist/projects/reaql-backend/packages/dialogs-service undefined
10 silly npmRunScript.stream [ 'dev', [], 'messages-service' ]
11 silly getExecOpts /home/exxxist/projects/reaql-backend/packages/messages-service undefined
12 silly npmRunScript.stream [ 'dev', [], 'users-service' ]
13 silly getExecOpts /home/exxxist/projects/reaql-backend/packages/users-service undefined
14 error MaxBufferError: stdout maxBuffer exceeded
14 error     at PassThrough.<anonymous> (/home/exxxist/projects/reaql-backend/node_modules/get-stream/index.js:41:19)
14 error     at PassThrough.emit (events.js:326:22)
14 error     at addChunk (_stream_readable.js:304:12)
14 error     at readableAddChunk (_stream_readable.js:276:11)
14 error     at PassThrough.Readable.push (_stream_readable.js:219:10)
14 error     at PassThrough.Transform.push (_stream_transform.js:166:32)
14 error     at PassThrough.afterTransform (_stream_transform.js:101:10)
14 error     at PassThrough._transform (_stream_passthrough.js:46:3)
14 error     at PassThrough.Transform._read (_stream_transform.js:205:10)
